                                      1 ;--------------------------------------------------------
                                      2 ; File Created by SDCC : free open source ANSI-C Compiler
                                      3 ; Version 4.1.0 #12072 (Linux)
                                      4 ;--------------------------------------------------------
                                      5 	.module pdiusb
                                      6 	.optsdcc -mmcs51 --model-small
                                      7 	
                                      8 ;--------------------------------------------------------
                                      9 ; Public variables in this module
                                     10 ;--------------------------------------------------------
                                     11 	.globl _TF2
                                     12 	.globl _EXF2
                                     13 	.globl _RCLK
                                     14 	.globl _TCLK
                                     15 	.globl _EXEN2
                                     16 	.globl _TR2
                                     17 	.globl _C_T2
                                     18 	.globl _CP_RL2
                                     19 	.globl _T2CON_7
                                     20 	.globl _T2CON_6
                                     21 	.globl _T2CON_5
                                     22 	.globl _T2CON_4
                                     23 	.globl _T2CON_3
                                     24 	.globl _T2CON_2
                                     25 	.globl _T2CON_1
                                     26 	.globl _T2CON_0
                                     27 	.globl _PT2
                                     28 	.globl _ET2
                                     29 	.globl _CY
                                     30 	.globl _AC
                                     31 	.globl _F0
                                     32 	.globl _RS1
                                     33 	.globl _RS0
                                     34 	.globl _OV
                                     35 	.globl _F1
                                     36 	.globl _P
                                     37 	.globl _PS
                                     38 	.globl _PT1
                                     39 	.globl _PX1
                                     40 	.globl _PT0
                                     41 	.globl _PX0
                                     42 	.globl _RD
                                     43 	.globl _WR
                                     44 	.globl _T1
                                     45 	.globl _T0
                                     46 	.globl _INT1
                                     47 	.globl _INT0
                                     48 	.globl _TXD
                                     49 	.globl _RXD
                                     50 	.globl _P3_7
                                     51 	.globl _P3_6
                                     52 	.globl _P3_5
                                     53 	.globl _P3_4
                                     54 	.globl _P3_3
                                     55 	.globl _P3_2
                                     56 	.globl _P3_1
                                     57 	.globl _P3_0
                                     58 	.globl _EA
                                     59 	.globl _ES
                                     60 	.globl _ET1
                                     61 	.globl _EX1
                                     62 	.globl _ET0
                                     63 	.globl _EX0
                                     64 	.globl _P2_7
                                     65 	.globl _P2_6
                                     66 	.globl _P2_5
                                     67 	.globl _P2_4
                                     68 	.globl _P2_3
                                     69 	.globl _P2_2
                                     70 	.globl _P2_1
                                     71 	.globl _P2_0
                                     72 	.globl _SM0
                                     73 	.globl _SM1
                                     74 	.globl _SM2
                                     75 	.globl _REN
                                     76 	.globl _TB8
                                     77 	.globl _RB8
                                     78 	.globl _TI
                                     79 	.globl _RI
                                     80 	.globl _P1_7
                                     81 	.globl _P1_6
                                     82 	.globl _P1_5
                                     83 	.globl _P1_4
                                     84 	.globl _P1_3
                                     85 	.globl _P1_2
                                     86 	.globl _P1_1
                                     87 	.globl _P1_0
                                     88 	.globl _TF1
                                     89 	.globl _TR1
                                     90 	.globl _TF0
                                     91 	.globl _TR0
                                     92 	.globl _IE1
                                     93 	.globl _IT1
                                     94 	.globl _IE0
                                     95 	.globl _IT0
                                     96 	.globl _P0_7
                                     97 	.globl _P0_6
                                     98 	.globl _P0_5
                                     99 	.globl _P0_4
                                    100 	.globl _P0_3
                                    101 	.globl _P0_2
                                    102 	.globl _P0_1
                                    103 	.globl _P0_0
                                    104 	.globl _TH2
                                    105 	.globl _TL2
                                    106 	.globl _RCAP2H
                                    107 	.globl _RCAP2L
                                    108 	.globl _T2CON
                                    109 	.globl _B
                                    110 	.globl _ACC
                                    111 	.globl _PSW
                                    112 	.globl _IP
                                    113 	.globl _P3
                                    114 	.globl _IE
                                    115 	.globl _P2
                                    116 	.globl _SBUF
                                    117 	.globl _SCON
                                    118 	.globl _P1
                                    119 	.globl _TH1
                                    120 	.globl _TH0
                                    121 	.globl _TL1
                                    122 	.globl _TL0
                                    123 	.globl _TMOD
                                    124 	.globl _TCON
                                    125 	.globl _PCON
                                    126 	.globl _DPH
                                    127 	.globl _DPL
                                    128 	.globl _SP
                                    129 	.globl _P0
                                    130 	.globl _D12_write_command
                                    131 	.globl _D12_read_byte
                                    132 	.globl _D12_read_id
                                    133 ;--------------------------------------------------------
                                    134 ; special function registers
                                    135 ;--------------------------------------------------------
                                    136 	.area RSEG    (ABS,DATA)
      000000                        137 	.org 0x0000
                           000080   138 _P0	=	0x0080
                           000081   139 _SP	=	0x0081
                           000082   140 _DPL	=	0x0082
                           000083   141 _DPH	=	0x0083
                           000087   142 _PCON	=	0x0087
                           000088   143 _TCON	=	0x0088
                           000089   144 _TMOD	=	0x0089
                           00008A   145 _TL0	=	0x008a
                           00008B   146 _TL1	=	0x008b
                           00008C   147 _TH0	=	0x008c
                           00008D   148 _TH1	=	0x008d
                           000090   149 _P1	=	0x0090
                           000098   150 _SCON	=	0x0098
                           000099   151 _SBUF	=	0x0099
                           0000A0   152 _P2	=	0x00a0
                           0000A8   153 _IE	=	0x00a8
                           0000B0   154 _P3	=	0x00b0
                           0000B8   155 _IP	=	0x00b8
                           0000D0   156 _PSW	=	0x00d0
                           0000E0   157 _ACC	=	0x00e0
                           0000F0   158 _B	=	0x00f0
                           0000C8   159 _T2CON	=	0x00c8
                           0000CA   160 _RCAP2L	=	0x00ca
                           0000CB   161 _RCAP2H	=	0x00cb
                           0000CC   162 _TL2	=	0x00cc
                           0000CD   163 _TH2	=	0x00cd
                                    164 ;--------------------------------------------------------
                                    165 ; special function bits
                                    166 ;--------------------------------------------------------
                                    167 	.area RSEG    (ABS,DATA)
      000000                        168 	.org 0x0000
                           000080   169 _P0_0	=	0x0080
                           000081   170 _P0_1	=	0x0081
                           000082   171 _P0_2	=	0x0082
                           000083   172 _P0_3	=	0x0083
                           000084   173 _P0_4	=	0x0084
                           000085   174 _P0_5	=	0x0085
                           000086   175 _P0_6	=	0x0086
                           000087   176 _P0_7	=	0x0087
                           000088   177 _IT0	=	0x0088
                           000089   178 _IE0	=	0x0089
                           00008A   179 _IT1	=	0x008a
                           00008B   180 _IE1	=	0x008b
                           00008C   181 _TR0	=	0x008c
                           00008D   182 _TF0	=	0x008d
                           00008E   183 _TR1	=	0x008e
                           00008F   184 _TF1	=	0x008f
                           000090   185 _P1_0	=	0x0090
                           000091   186 _P1_1	=	0x0091
                           000092   187 _P1_2	=	0x0092
                           000093   188 _P1_3	=	0x0093
                           000094   189 _P1_4	=	0x0094
                           000095   190 _P1_5	=	0x0095
                           000096   191 _P1_6	=	0x0096
                           000097   192 _P1_7	=	0x0097
                           000098   193 _RI	=	0x0098
                           000099   194 _TI	=	0x0099
                           00009A   195 _RB8	=	0x009a
                           00009B   196 _TB8	=	0x009b
                           00009C   197 _REN	=	0x009c
                           00009D   198 _SM2	=	0x009d
                           00009E   199 _SM1	=	0x009e
                           00009F   200 _SM0	=	0x009f
                           0000A0   201 _P2_0	=	0x00a0
                           0000A1   202 _P2_1	=	0x00a1
                           0000A2   203 _P2_2	=	0x00a2
                           0000A3   204 _P2_3	=	0x00a3
                           0000A4   205 _P2_4	=	0x00a4
                           0000A5   206 _P2_5	=	0x00a5
                           0000A6   207 _P2_6	=	0x00a6
                           0000A7   208 _P2_7	=	0x00a7
                           0000A8   209 _EX0	=	0x00a8
                           0000A9   210 _ET0	=	0x00a9
                           0000AA   211 _EX1	=	0x00aa
                           0000AB   212 _ET1	=	0x00ab
                           0000AC   213 _ES	=	0x00ac
                           0000AF   214 _EA	=	0x00af
                           0000B0   215 _P3_0	=	0x00b0
                           0000B1   216 _P3_1	=	0x00b1
                           0000B2   217 _P3_2	=	0x00b2
                           0000B3   218 _P3_3	=	0x00b3
                           0000B4   219 _P3_4	=	0x00b4
                           0000B5   220 _P3_5	=	0x00b5
                           0000B6   221 _P3_6	=	0x00b6
                           0000B7   222 _P3_7	=	0x00b7
                           0000B0   223 _RXD	=	0x00b0
                           0000B1   224 _TXD	=	0x00b1
                           0000B2   225 _INT0	=	0x00b2
                           0000B3   226 _INT1	=	0x00b3
                           0000B4   227 _T0	=	0x00b4
                           0000B5   228 _T1	=	0x00b5
                           0000B6   229 _WR	=	0x00b6
                           0000B7   230 _RD	=	0x00b7
                           0000B8   231 _PX0	=	0x00b8
                           0000B9   232 _PT0	=	0x00b9
                           0000BA   233 _PX1	=	0x00ba
                           0000BB   234 _PT1	=	0x00bb
                           0000BC   235 _PS	=	0x00bc
                           0000D0   236 _P	=	0x00d0
                           0000D1   237 _F1	=	0x00d1
                           0000D2   238 _OV	=	0x00d2
                           0000D3   239 _RS0	=	0x00d3
                           0000D4   240 _RS1	=	0x00d4
                           0000D5   241 _F0	=	0x00d5
                           0000D6   242 _AC	=	0x00d6
                           0000D7   243 _CY	=	0x00d7
                           0000AD   244 _ET2	=	0x00ad
                           0000BD   245 _PT2	=	0x00bd
                           0000C8   246 _T2CON_0	=	0x00c8
                           0000C9   247 _T2CON_1	=	0x00c9
                           0000CA   248 _T2CON_2	=	0x00ca
                           0000CB   249 _T2CON_3	=	0x00cb
                           0000CC   250 _T2CON_4	=	0x00cc
                           0000CD   251 _T2CON_5	=	0x00cd
                           0000CE   252 _T2CON_6	=	0x00ce
                           0000CF   253 _T2CON_7	=	0x00cf
                           0000C8   254 _CP_RL2	=	0x00c8
                           0000C9   255 _C_T2	=	0x00c9
                           0000CA   256 _TR2	=	0x00ca
                           0000CB   257 _EXEN2	=	0x00cb
                           0000CC   258 _TCLK	=	0x00cc
                           0000CD   259 _RCLK	=	0x00cd
                           0000CE   260 _EXF2	=	0x00ce
                           0000CF   261 _TF2	=	0x00cf
                                    262 ;--------------------------------------------------------
                                    263 ; overlayable register banks
                                    264 ;--------------------------------------------------------
                                    265 	.area REG_BANK_0	(REL,OVR,DATA)
      000000                        266 	.ds 8
                                    267 ;--------------------------------------------------------
                                    268 ; internal ram data
                                    269 ;--------------------------------------------------------
                                    270 	.area DSEG    (DATA)
                                    271 ;--------------------------------------------------------
                                    272 ; overlayable items in internal ram 
                                    273 ;--------------------------------------------------------
                                    274 	.area	OSEG    (OVR,DATA)
                                    275 	.area	OSEG    (OVR,DATA)
                                    276 ;--------------------------------------------------------
                                    277 ; indirectly addressable internal ram data
                                    278 ;--------------------------------------------------------
                                    279 	.area ISEG    (DATA)
                                    280 ;--------------------------------------------------------
                                    281 ; absolute internal ram data
                                    282 ;--------------------------------------------------------
                                    283 	.area IABS    (ABS,DATA)
                                    284 	.area IABS    (ABS,DATA)
                                    285 ;--------------------------------------------------------
                                    286 ; bit data
                                    287 ;--------------------------------------------------------
                                    288 	.area BSEG    (BIT)
                                    289 ;--------------------------------------------------------
                                    290 ; paged external ram data
                                    291 ;--------------------------------------------------------
                                    292 	.area PSEG    (PAG,XDATA)
                                    293 ;--------------------------------------------------------
                                    294 ; external ram data
                                    295 ;--------------------------------------------------------
                                    296 	.area XSEG    (XDATA)
                                    297 ;--------------------------------------------------------
                                    298 ; absolute external ram data
                                    299 ;--------------------------------------------------------
                                    300 	.area XABS    (ABS,XDATA)
                                    301 ;--------------------------------------------------------
                                    302 ; external initialized ram data
                                    303 ;--------------------------------------------------------
                                    304 	.area XISEG   (XDATA)
                                    305 	.area HOME    (CODE)
                                    306 	.area GSINIT0 (CODE)
                                    307 	.area GSINIT1 (CODE)
                                    308 	.area GSINIT2 (CODE)
                                    309 	.area GSINIT3 (CODE)
                                    310 	.area GSINIT4 (CODE)
                                    311 	.area GSINIT5 (CODE)
                                    312 	.area GSINIT  (CODE)
                                    313 	.area GSFINAL (CODE)
                                    314 	.area CSEG    (CODE)
                                    315 ;--------------------------------------------------------
                                    316 ; global & static initialisations
                                    317 ;--------------------------------------------------------
                                    318 	.area HOME    (CODE)
                                    319 	.area GSINIT  (CODE)
                                    320 	.area GSFINAL (CODE)
                                    321 	.area GSINIT  (CODE)
                                    322 ;--------------------------------------------------------
                                    323 ; Home
                                    324 ;--------------------------------------------------------
                                    325 	.area HOME    (CODE)
                                    326 	.area HOME    (CODE)
                                    327 ;--------------------------------------------------------
                                    328 ; code
                                    329 ;--------------------------------------------------------
                                    330 	.area CSEG    (CODE)
                                    331 ;------------------------------------------------------------
                                    332 ;Allocation info for local variables in function 'D12_write_command'
                                    333 ;------------------------------------------------------------
                                    334 ;command                   Allocated to registers r7 
                                    335 ;------------------------------------------------------------
                                    336 ;	src/pdiusb.c:3: void D12_write_command(uint8 command)
                                    337 ;	-----------------------------------------
                                    338 ;	 function D12_write_command
                                    339 ;	-----------------------------------------
      000000                        340 _D12_write_command:
                           000007   341 	ar7 = 0x07
                           000006   342 	ar6 = 0x06
                           000005   343 	ar5 = 0x05
                           000004   344 	ar4 = 0x04
                           000003   345 	ar3 = 0x03
                           000002   346 	ar2 = 0x02
                           000001   347 	ar1 = 0x01
                           000000   348 	ar0 = 0x00
      000000 AF 82            [24]  349 	mov	r7,dpl
                                    350 ;	src/pdiusb.c:5: D12_set_command_addr();
                                    351 ;	assignBit
      000002 D2 B5            [12]  352 	setb	_P3_5
                                    353 ;	src/pdiusb.c:6: D12_clr_wr();
                                    354 ;	assignBit
      000004 C2 B6            [12]  355 	clr	_P3_6
                                    356 ;	src/pdiusb.c:8: D12_set_data(command);
      000006 8F 80            [24]  357 	mov	_P0,r7
                                    358 ;	src/pdiusb.c:9: D12_set_wr();
                                    359 ;	assignBit
      000008 D2 B6            [12]  360 	setb	_P3_6
                                    361 ;	src/pdiusb.c:10: D12_set_port_in();
      00000A 75 80 FF         [24]  362 	mov	_P0,#0xff
                                    363 ;	src/pdiusb.c:11: }
      00000D 22               [24]  364 	ret
                                    365 ;------------------------------------------------------------
                                    366 ;Allocation info for local variables in function 'D12_read_byte'
                                    367 ;------------------------------------------------------------
                                    368 ;tmp                       Allocated to registers 
                                    369 ;------------------------------------------------------------
                                    370 ;	src/pdiusb.c:13: uint8 D12_read_byte(void)
                                    371 ;	-----------------------------------------
                                    372 ;	 function D12_read_byte
                                    373 ;	-----------------------------------------
      00000E                        374 _D12_read_byte:
                                    375 ;	src/pdiusb.c:17: D12_set_data_addr();
                                    376 ;	assignBit
      00000E C2 B5            [12]  377 	clr	_P3_5
                                    378 ;	src/pdiusb.c:18: D12_clr_rd();
                                    379 ;	assignBit
      000010 C2 B7            [12]  380 	clr	_P3_7
                                    381 ;	src/pdiusb.c:19: tmp = D12_get_data();
      000012 85 80 82         [24]  382 	mov	dpl,_P0
                                    383 ;	src/pdiusb.c:20: D12_set_rd();
                                    384 ;	assignBit
      000015 D2 B7            [12]  385 	setb	_P3_7
                                    386 ;	src/pdiusb.c:21: D12_set_rd();
                                    387 ;	assignBit
      000017 D2 B7            [12]  388 	setb	_P3_7
                                    389 ;	src/pdiusb.c:23: return tmp;
                                    390 ;	src/pdiusb.c:24: }
      000019 22               [24]  391 	ret
                                    392 ;------------------------------------------------------------
                                    393 ;Allocation info for local variables in function 'D12_read_id'
                                    394 ;------------------------------------------------------------
                                    395 ;id                        Allocated to registers 
                                    396 ;------------------------------------------------------------
                                    397 ;	src/pdiusb.c:26: uint16 D12_read_id(void)
                                    398 ;	-----------------------------------------
                                    399 ;	 function D12_read_id
                                    400 ;	-----------------------------------------
      00001A                        401 _D12_read_id:
                                    402 ;	src/pdiusb.c:30: D12_write_command(D12_CMD_READ_ID);
      00001A 75 82 FD         [24]  403 	mov	dpl,#0xfd
      00001D 12r00r00         [24]  404 	lcall	_D12_write_command
                                    405 ;	src/pdiusb.c:31: id = D12_read_byte();
      000020 12r00r0E         [24]  406 	lcall	_D12_read_byte
      000023 AF 82            [24]  407 	mov	r7,dpl
      000025 7E 00            [12]  408 	mov	r6,#0x00
                                    409 ;	src/pdiusb.c:32: id |= ((uint16)D12_read_byte()) << 8;
      000027 C0 07            [24]  410 	push	ar7
      000029 C0 06            [24]  411 	push	ar6
      00002B 12r00r0E         [24]  412 	lcall	_D12_read_byte
      00002E AD 82            [24]  413 	mov	r5,dpl
      000030 D0 06            [24]  414 	pop	ar6
      000032 D0 07            [24]  415 	pop	ar7
      000034 8D 04            [24]  416 	mov	ar4,r5
      000036 E4               [12]  417 	clr	a
      000037 4F               [12]  418 	orl	a,r7
      000038 F5 82            [12]  419 	mov	dpl,a
      00003A EC               [12]  420 	mov	a,r4
      00003B 4E               [12]  421 	orl	a,r6
      00003C F5 83            [12]  422 	mov	dph,a
                                    423 ;	src/pdiusb.c:34: return id;
                                    424 ;	src/pdiusb.c:35: }
      00003E 22               [24]  425 	ret
                                    426 	.area CSEG    (CODE)
                                    427 	.area CONST   (CODE)
                                    428 	.area XINIT   (CODE)
                                    429 	.area CABS    (ABS,CODE)
